<?xml version="1.0" encoding="UTF-8"?>
<testng-results ignored="0" total="17" passed="15" failed="2" skipped="0">
  <reporter-output>
  </reporter-output>
  <suite started-at="2025-02-12T12:02:38 IST" name="SIP Sanity Test Suite" finished-at="2025-02-12T12:03:11 IST" duration-ms="32962">
    <groups>
    </groups>
    <test started-at="2025-02-12T12:02:38 IST" name="Home Page Test" finished-at="2025-02-12T12:03:02 IST" duration-ms="24347">
      <class name="com.qa.sip.tests.HomePageTest">
        <test-method is-config="true" signature="setup()[pri:0, instance:com.qa.sip.tests.HomePageTest@7ce69770]" started-at="2025-02-12T12:02:38 IST" name="setup" finished-at="2025-02-12T12:02:56 IST" duration-ms="17845" status="PASS">
          <reporter-output>
          </reporter-output>
        </test-method> <!-- setup -->
        <test-method is-config="true" signature="homePage()[pri:0, instance:com.qa.sip.tests.HomePageTest@7ce69770]" started-at="2025-02-12T12:02:56 IST" name="homePage" finished-at="2025-02-12T12:02:58 IST" depends-on-methods="com.qa.sip.base.baseTestClass.setup" duration-ms="1701" status="PASS">
          <reporter-output>
          </reporter-output>
        </test-method> <!-- homePage -->
        <test-method signature="HomeLogOutBtnTest()[pri:0, instance:com.qa.sip.tests.HomePageTest@7ce69770]" started-at="2025-02-12T12:02:58 IST" name="HomeLogOutBtnTest" finished-at="2025-02-12T12:03:01 IST" duration-ms="3782" status="PASS">
          <reporter-output>
          </reporter-output>
        </test-method> <!-- HomeLogOutBtnTest -->
        <test-method signature="HomePageURLTest()[pri:0, instance:com.qa.sip.tests.HomePageTest@7ce69770]" started-at="2025-02-12T12:03:01 IST" name="HomePageURLTest" finished-at="2025-02-12T12:03:01 IST" duration-ms="61" status="PASS">
          <reporter-output>
          </reporter-output>
        </test-method> <!-- HomePageURLTest -->
        <test-method signature="HomeSearchBtnTest()[pri:0, instance:com.qa.sip.tests.HomePageTest@7ce69770]" started-at="2025-02-12T12:03:01 IST" name="HomeSearchBtnTest" finished-at="2025-02-12T12:03:01 IST" duration-ms="52" status="PASS">
          <reporter-output>
          </reporter-output>
        </test-method> <!-- HomeSearchBtnTest -->
        <test-method signature="homeAddressColumnTest()[pri:0, instance:com.qa.sip.tests.HomePageTest@7ce69770]" started-at="2025-02-12T12:03:01 IST" name="homeAddressColumnTest" finished-at="2025-02-12T12:03:02 IST" duration-ms="57" status="PASS">
          <reporter-output>
          </reporter-output>
        </test-method> <!-- homeAddressColumnTest -->
        <test-method signature="homePageCityColumnTest()[pri:0, instance:com.qa.sip.tests.HomePageTest@7ce69770]" started-at="2025-02-12T12:03:02 IST" name="homePageCityColumnTest" finished-at="2025-02-12T12:03:02 IST" duration-ms="63" status="PASS">
          <reporter-output>
          </reporter-output>
        </test-method> <!-- homePageCityColumnTest -->
        <test-method signature="homePageDistributnPrtnerColumnTest()[pri:0, instance:com.qa.sip.tests.HomePageTest@7ce69770]" started-at="2025-02-12T12:03:02 IST" name="homePageDistributnPrtnerColumnTest" finished-at="2025-02-12T12:03:02 IST" duration-ms="56" status="PASS">
          <reporter-output>
          </reporter-output>
        </test-method> <!-- homePageDistributnPrtnerColumnTest -->
        <test-method signature="homePageDivisionCodeColumnTest()[pri:0, instance:com.qa.sip.tests.HomePageTest@7ce69770]" started-at="2025-02-12T12:03:02 IST" name="homePageDivisionCodeColumnTest" finished-at="2025-02-12T12:03:02 IST" duration-ms="49" status="PASS">
          <reporter-output>
          </reporter-output>
        </test-method> <!-- homePageDivisionCodeColumnTest -->
        <test-method signature="homePageStateColumnTest()[pri:0, instance:com.qa.sip.tests.HomePageTest@7ce69770]" started-at="2025-02-12T12:03:02 IST" name="homePageStateColumnTest" finished-at="2025-02-12T12:03:02 IST" duration-ms="43" status="PASS">
          <reporter-output>
          </reporter-output>
        </test-method> <!-- homePageStateColumnTest -->
        <test-method signature="homePageStoreNameColumnTest()[pri:0, instance:com.qa.sip.tests.HomePageTest@7ce69770]" started-at="2025-02-12T12:03:02 IST" name="homePageStoreNameColumnTest" finished-at="2025-02-12T12:03:02 IST" duration-ms="45" status="PASS">
          <reporter-output>
          </reporter-output>
        </test-method> <!-- homePageStoreNameColumnTest -->
        <test-method signature="homePageTitleTest()[pri:0, instance:com.qa.sip.tests.HomePageTest@7ce69770]" started-at="2025-02-12T12:03:02 IST" name="homePageTitleTest" finished-at="2025-02-12T12:03:02 IST" duration-ms="25" status="PASS">
          <reporter-output>
          </reporter-output>
        </test-method> <!-- homePageTitleTest -->
        <test-method signature="homePageZipColumnTest()[pri:0, instance:com.qa.sip.tests.HomePageTest@7ce69770]" started-at="2025-02-12T12:03:02 IST" name="homePageZipColumnTest" finished-at="2025-02-12T12:03:02 IST" duration-ms="44" status="PASS">
          <reporter-output>
          </reporter-output>
        </test-method> <!-- homePageZipColumnTest -->
        <test-method signature="homeStoreCodeColumnColumnTest()[pri:0, instance:com.qa.sip.tests.HomePageTest@7ce69770]" started-at="2025-02-12T12:03:02 IST" name="homeStoreCodeColumnColumnTest" finished-at="2025-02-12T12:03:02 IST" duration-ms="47" status="PASS">
          <reporter-output>
          </reporter-output>
        </test-method> <!-- homeStoreCodeColumnColumnTest -->
        <test-method is-config="true" signature="tearDown()[pri:0, instance:com.qa.sip.tests.HomePageTest@7ce69770]" started-at="2025-02-12T12:03:02 IST" name="tearDown" finished-at="2025-02-12T12:03:02 IST" duration-ms="424" status="PASS">
          <reporter-output>
          </reporter-output>
        </test-method> <!-- tearDown -->
      </class> <!-- com.qa.sip.tests.HomePageTest -->
    </test> <!-- Home Page Test -->
    <test started-at="2025-02-12T12:02:38 IST" name="Login Page Test" finished-at="2025-02-12T12:03:11 IST" duration-ms="32962">
      <class name="com.qa.sip.tests.LoginPageTest">
        <test-method is-config="true" signature="setup()[pri:0, instance:com.qa.sip.tests.LoginPageTest@750e2b97]" started-at="2025-02-12T12:02:38 IST" name="setup" finished-at="2025-02-12T12:02:55 IST" duration-ms="17186" status="PASS">
          <reporter-output>
          </reporter-output>
        </test-method> <!-- setup -->
        <test-method signature="TermsOfUseLinkDisplayed()[pri:0, instance:com.qa.sip.tests.LoginPageTest@750e2b97]" started-at="2025-02-12T12:02:55 IST" name="TermsOfUseLinkDisplayed" finished-at="2025-02-12T12:03:01 IST" duration-ms="5399" status="FAIL">
          <exception class="org.openqa.selenium.TimeoutException">
            <message>
              <![CDATA[Expected condition failed: waiting for presence of element located by: By.xpath: //a[@id='link-terms-of-use'] (tried for 5 second(s) with 500 milliseconds interval)]]>
            </message>
            <full-stacktrace>
              <![CDATA[org.openqa.selenium.TimeoutException: Expected condition failed: waiting for presence of element located by: By.xpath: //a[@id='link-terms-of-use'] (tried for 5 second(s) with 500 milliseconds interval)
at org.openqa.selenium.support.ui.WebDriverWait.timeoutException(WebDriverWait.java:84)
at org.openqa.selenium.support.ui.FluentWait.until(FluentWait.java:228)
at com.qa.sip.utilities.ElementUtil.waitForElementPresence(ElementUtil.java:304)
at com.qa.sip.pages.LoginPage.isTermsOfUseLinkDisplayed(LoginPage.java:48)
at com.qa.sip.tests.LoginPageTest.TermsOfUseLinkDisplayed(LoginPageTest.java:26)
at java.base/jdk.internal.reflect.NativeMethodAccessorImpl.invoke0(Native Method)
at java.base/jdk.internal.reflect.NativeMethodAccessorImpl.invoke(NativeMethodAccessorImpl.java:77)
at java.base/jdk.internal.reflect.DelegatingMethodAccessorImpl.invoke(DelegatingMethodAccessorImpl.java:43)
at java.base/java.lang.reflect.Method.invoke(Method.java:568)
at org.testng.internal.invokers.MethodInvocationHelper.invokeMethod(MethodInvocationHelper.java:141)
at org.testng.internal.invokers.TestInvoker.invokeMethod(TestInvoker.java:686)
at org.testng.internal.invokers.TestInvoker.invokeTestMethod(TestInvoker.java:230)
at org.testng.internal.invokers.MethodRunner.runInSequence(MethodRunner.java:63)
at org.testng.internal.invokers.TestInvoker$MethodInvocationAgent.invoke(TestInvoker.java:992)
at org.testng.internal.invokers.TestInvoker.invokeTestMethods(TestInvoker.java:203)
at org.testng.internal.invokers.TestMethodWorker.invokeTestMethods(TestMethodWorker.java:154)
at org.testng.internal.invokers.TestMethodWorker.run(TestMethodWorker.java:134)
at java.base/java.util.ArrayList.forEach(ArrayList.java:1511)
at org.testng.TestRunner.privateRun(TestRunner.java:739)
at org.testng.TestRunner.run(TestRunner.java:614)
at org.testng.SuiteRunner.runTest(SuiteRunner.java:421)
at org.testng.SuiteRunner$SuiteWorker.run(SuiteRunner.java:463)
at org.testng.internal.thread.ThreadUtil.lambda$execute$0(ThreadUtil.java:64)
at java.base/java.util.concurrent.FutureTask.run(FutureTask.java:264)
at java.base/java.util.concurrent.ThreadPoolExecutor.runWorker(ThreadPoolExecutor.java:1136)
at java.base/java.util.concurrent.ThreadPoolExecutor$Worker.run(ThreadPoolExecutor.java:635)
at java.base/java.lang.Thread.run(Thread.java:833)
Caused by: org.openqa.selenium.NoSuchElementException: no such element: Unable to locate element: {"method":"xpath","selector":"//a[@id='link-terms-of-use']"}
  (Session info: chrome=133.0.6943.60)
For documentation on this error, please visit: https://www.selenium.dev/documentation/webdriver/troubleshooting/errors#no-such-element-exception
Build info: version: '4.26.0', revision: '8ccf0219d7'
System info: os.name: 'Windows 10', os.arch: 'amd64', os.version: '10.0', java.version: '17.0.6'
Driver info: org.openqa.selenium.chrome.ChromeDriver
Command: [7a8d50dd1b55a07b0d365992409396e5, findElement {value=//a[@id='link-terms-of-use'], using=xpath}]
Capabilities {acceptInsecureCerts: false, browserName: chrome, browserVersion: 133.0.6943.60, chrome: {chromedriverVersion: 133.0.6943.53 (9a80935019b0..., userDataDir: C:\Temp\1\scoped_dir23172_6...}, fedcm:accounts: true, goog:chromeOptions: {debuggerAddress: localhost:51274}, networkConnectionEnabled: false, pageLoadStrategy: normal, platformName: windows, proxy: Proxy(), se:cdp: ws://localhost:51274/devtoo..., se:cdpVersion: 133.0.6943.60, setWindowRect: true, strictFileInteractability: false, timeouts: {implicit: 0, pageLoad: 300000, script: 30000}, unhandledPromptBehavior: dismiss and notify, webauthn:extension:credBlob: true, webauthn:extension:largeBlob: true, webauthn:extension:minPinLength: true, webauthn:extension:prf: true, webauthn:virtualAuthenticators: true}
Session ID: 7a8d50dd1b55a07b0d365992409396e5
at java.base/jdk.internal.reflect.NativeConstructorAccessorImpl.newInstance0(Native Method)
at java.base/jdk.internal.reflect.NativeConstructorAccessorImpl.newInstance(NativeConstructorAccessorImpl.java:77)
at java.base/jdk.internal.reflect.DelegatingConstructorAccessorImpl.newInstance(DelegatingConstructorAccessorImpl.java:45)
at java.base/java.lang.reflect.Constructor.newInstanceWithCaller(Constructor.java:499)
at java.base/java.lang.reflect.Constructor.newInstance(Constructor.java:480)
at org.openqa.selenium.remote.ErrorCodec.decode(ErrorCodec.java:167)
at org.openqa.selenium.remote.codec.w3c.W3CHttpResponseCodec.decode(W3CHttpResponseCodec.java:138)
at org.openqa.selenium.remote.codec.w3c.W3CHttpResponseCodec.decode(W3CHttpResponseCodec.java:50)
at org.openqa.selenium.remote.HttpCommandExecutor.execute(HttpCommandExecutor.java:190)
at org.openqa.selenium.remote.service.DriverCommandExecutor.invokeExecute(DriverCommandExecutor.java:216)
at org.openqa.selenium.remote.service.DriverCommandExecutor.execute(DriverCommandExecutor.java:174)
at org.openqa.selenium.remote.RemoteWebDriver.execute(RemoteWebDriver.java:545)
at org.openqa.selenium.remote.ElementLocation$ElementFinder$2.findElement(ElementLocation.java:165)
at org.openqa.selenium.remote.ElementLocation.findElement(ElementLocation.java:59)
at org.openqa.selenium.remote.RemoteWebDriver.findElement(RemoteWebDriver.java:368)
at org.openqa.selenium.remote.RemoteWebDriver.findElement(RemoteWebDriver.java:362)
at org.openqa.selenium.support.ui.ExpectedConditions$6.apply(ExpectedConditions.java:171)
at org.openqa.selenium.support.ui.ExpectedConditions$6.apply(ExpectedConditions.java:168)
at org.openqa.selenium.support.ui.FluentWait.until(FluentWait.java:203)
... 25 more
]]>
            </full-stacktrace>
          </exception> <!-- org.openqa.selenium.TimeoutException -->
          <reporter-output>
          </reporter-output>
        </test-method> <!-- TermsOfUseLinkDisplayed -->
        <test-method signature="isLogoExist()[pri:0, instance:com.qa.sip.tests.LoginPageTest@750e2b97]" started-at="2025-02-12T12:03:01 IST" name="isLogoExist" finished-at="2025-02-12T12:03:06 IST" duration-ms="5290" status="FAIL">
          <exception class="org.openqa.selenium.TimeoutException">
            <message>
              <![CDATA[Expected condition failed: waiting for presence of element located by: By.xpath: //img[@id='CustomLogo'] (tried for 5 second(s) with 500 milliseconds interval)]]>
            </message>
            <full-stacktrace>
              <![CDATA[org.openqa.selenium.TimeoutException: Expected condition failed: waiting for presence of element located by: By.xpath: //img[@id='CustomLogo'] (tried for 5 second(s) with 500 milliseconds interval)
at org.openqa.selenium.support.ui.WebDriverWait.timeoutException(WebDriverWait.java:84)
at org.openqa.selenium.support.ui.FluentWait.until(FluentWait.java:228)
at com.qa.sip.utilities.ElementUtil.waitForElementPresence(ElementUtil.java:304)
at com.qa.sip.pages.LoginPage.isLogoExist(LoginPage.java:54)
at com.qa.sip.tests.LoginPageTest.isLogoExist(LoginPageTest.java:32)
at java.base/jdk.internal.reflect.NativeMethodAccessorImpl.invoke0(Native Method)
at java.base/jdk.internal.reflect.NativeMethodAccessorImpl.invoke(NativeMethodAccessorImpl.java:77)
at java.base/jdk.internal.reflect.DelegatingMethodAccessorImpl.invoke(DelegatingMethodAccessorImpl.java:43)
at java.base/java.lang.reflect.Method.invoke(Method.java:568)
at org.testng.internal.invokers.MethodInvocationHelper.invokeMethod(MethodInvocationHelper.java:141)
at org.testng.internal.invokers.TestInvoker.invokeMethod(TestInvoker.java:686)
at org.testng.internal.invokers.TestInvoker.invokeTestMethod(TestInvoker.java:230)
at org.testng.internal.invokers.MethodRunner.runInSequence(MethodRunner.java:63)
at org.testng.internal.invokers.TestInvoker$MethodInvocationAgent.invoke(TestInvoker.java:992)
at org.testng.internal.invokers.TestInvoker.invokeTestMethods(TestInvoker.java:203)
at org.testng.internal.invokers.TestMethodWorker.invokeTestMethods(TestMethodWorker.java:154)
at org.testng.internal.invokers.TestMethodWorker.run(TestMethodWorker.java:134)
at java.base/java.util.ArrayList.forEach(ArrayList.java:1511)
at org.testng.TestRunner.privateRun(TestRunner.java:739)
at org.testng.TestRunner.run(TestRunner.java:614)
at org.testng.SuiteRunner.runTest(SuiteRunner.java:421)
at org.testng.SuiteRunner$SuiteWorker.run(SuiteRunner.java:463)
at org.testng.internal.thread.ThreadUtil.lambda$execute$0(ThreadUtil.java:64)
at java.base/java.util.concurrent.FutureTask.run(FutureTask.java:264)
at java.base/java.util.concurrent.ThreadPoolExecutor.runWorker(ThreadPoolExecutor.java:1136)
at java.base/java.util.concurrent.ThreadPoolExecutor$Worker.run(ThreadPoolExecutor.java:635)
at java.base/java.lang.Thread.run(Thread.java:833)
Caused by: org.openqa.selenium.NoSuchElementException: no such element: Unable to locate element: {"method":"xpath","selector":"//img[@id='CustomLogo']"}
  (Session info: chrome=133.0.6943.60)
For documentation on this error, please visit: https://www.selenium.dev/documentation/webdriver/troubleshooting/errors#no-such-element-exception
Build info: version: '4.26.0', revision: '8ccf0219d7'
System info: os.name: 'Windows 10', os.arch: 'amd64', os.version: '10.0', java.version: '17.0.6'
Driver info: org.openqa.selenium.chrome.ChromeDriver
Command: [7a8d50dd1b55a07b0d365992409396e5, findElement {value=//img[@id='CustomLogo'], using=xpath}]
Capabilities {acceptInsecureCerts: false, browserName: chrome, browserVersion: 133.0.6943.60, chrome: {chromedriverVersion: 133.0.6943.53 (9a80935019b0..., userDataDir: C:\Temp\1\scoped_dir23172_6...}, fedcm:accounts: true, goog:chromeOptions: {debuggerAddress: localhost:51274}, networkConnectionEnabled: false, pageLoadStrategy: normal, platformName: windows, proxy: Proxy(), se:cdp: ws://localhost:51274/devtoo..., se:cdpVersion: 133.0.6943.60, setWindowRect: true, strictFileInteractability: false, timeouts: {implicit: 0, pageLoad: 300000, script: 30000}, unhandledPromptBehavior: dismiss and notify, webauthn:extension:credBlob: true, webauthn:extension:largeBlob: true, webauthn:extension:minPinLength: true, webauthn:extension:prf: true, webauthn:virtualAuthenticators: true}
Session ID: 7a8d50dd1b55a07b0d365992409396e5
at jdk.internal.reflect.GeneratedConstructorAccessor12.newInstance(Unknown Source)
at java.base/jdk.internal.reflect.DelegatingConstructorAccessorImpl.newInstance(DelegatingConstructorAccessorImpl.java:45)
at java.base/java.lang.reflect.Constructor.newInstanceWithCaller(Constructor.java:499)
at java.base/java.lang.reflect.Constructor.newInstance(Constructor.java:480)
at org.openqa.selenium.remote.ErrorCodec.decode(ErrorCodec.java:167)
at org.openqa.selenium.remote.codec.w3c.W3CHttpResponseCodec.decode(W3CHttpResponseCodec.java:138)
at org.openqa.selenium.remote.codec.w3c.W3CHttpResponseCodec.decode(W3CHttpResponseCodec.java:50)
at org.openqa.selenium.remote.HttpCommandExecutor.execute(HttpCommandExecutor.java:190)
at org.openqa.selenium.remote.service.DriverCommandExecutor.invokeExecute(DriverCommandExecutor.java:216)
at org.openqa.selenium.remote.service.DriverCommandExecutor.execute(DriverCommandExecutor.java:174)
at org.openqa.selenium.remote.RemoteWebDriver.execute(RemoteWebDriver.java:545)
at org.openqa.selenium.remote.ElementLocation$ElementFinder$2.findElement(ElementLocation.java:165)
at org.openqa.selenium.remote.ElementLocation.findElement(ElementLocation.java:59)
at org.openqa.selenium.remote.RemoteWebDriver.findElement(RemoteWebDriver.java:368)
at org.openqa.selenium.remote.RemoteWebDriver.findElement(RemoteWebDriver.java:362)
at org.openqa.selenium.support.ui.ExpectedConditions$6.apply(ExpectedConditions.java:171)
at org.openqa.selenium.support.ui.ExpectedConditions$6.apply(ExpectedConditions.java:168)
at org.openqa.selenium.support.ui.FluentWait.until(FluentWait.java:203)
... 25 more
]]>
            </full-stacktrace>
          </exception> <!-- org.openqa.selenium.TimeoutException -->
          <reporter-output>
          </reporter-output>
        </test-method> <!-- isLogoExist -->
        <test-method signature="loginPageTitleTest()[pri:0, instance:com.qa.sip.tests.LoginPageTest@750e2b97]" started-at="2025-02-12T12:03:06 IST" name="loginPageTitleTest" finished-at="2025-02-12T12:03:06 IST" duration-ms="24" status="PASS">
          <reporter-output>
          </reporter-output>
        </test-method> <!-- loginPageTitleTest -->
        <test-method signature="loginPageURLTest()[pri:0, instance:com.qa.sip.tests.LoginPageTest@750e2b97]" started-at="2025-02-12T12:03:06 IST" name="loginPageURLTest" finished-at="2025-02-12T12:03:06 IST" duration-ms="22" status="PASS">
          <reporter-output>
          </reporter-output>
        </test-method> <!-- loginPageURLTest -->
        <test-method signature="loginTest()[pri:2147483647, instance:com.qa.sip.tests.LoginPageTest@750e2b97]" started-at="2025-02-12T12:03:06 IST" name="loginTest" finished-at="2025-02-12T12:03:10 IST" duration-ms="4457" status="PASS">
          <reporter-output>
          </reporter-output>
        </test-method> <!-- loginTest -->
        <test-method is-config="true" signature="tearDown()[pri:0, instance:com.qa.sip.tests.LoginPageTest@750e2b97]" started-at="2025-02-12T12:03:10 IST" name="tearDown" finished-at="2025-02-12T12:03:11 IST" duration-ms="496" status="PASS">
          <reporter-output>
          </reporter-output>
        </test-method> <!-- tearDown -->
      </class> <!-- com.qa.sip.tests.LoginPageTest -->
    </test> <!-- Login Page Test -->
  </suite> <!-- SIP Sanity Test Suite -->
</testng-results>
